<?xml version="1.0" encoding="UTF-8"?>
<testng-results ignored="0" total="3" passed="3" failed="0" skipped="0">
  <reporter-output>
  </reporter-output>
  <suite started-at="2023-01-10T09:48:46 IST" name="Suite" finished-at="2023-01-10T09:48:46 IST" duration-ms="53">
    <groups>
    </groups>
    <test started-at="2023-01-10T09:48:46 IST" name="Test" finished-at="2023-01-10T09:48:46 IST" duration-ms="53">
      <class name="testNG.test.HomeTest">
        <test-method signature="addToCart()[pri:0, instance:testNG.test.HomeTest@63a65a25]" started-at="2023-01-10T09:48:46 IST" name="addToCart" finished-at="2023-01-10T09:48:46 IST" duration-ms="7" status="PASS">
          <reporter-output>
          </reporter-output>
        </test-method> <!-- addToCart -->
        <test-method signature="login()[pri:0, instance:testNG.test.HomeTest@63a65a25]" started-at="2023-01-10T09:48:46 IST" name="login" finished-at="2023-01-10T09:48:46 IST" duration-ms="2" status="PASS">
          <reporter-output>
          </reporter-output>
        </test-method> <!-- login -->
        <test-method signature="verifySearchbar()[pri:0, instance:testNG.test.HomeTest@63a65a25]" started-at="2023-01-10T09:48:46 IST" name="verifySearchbar" finished-at="2023-01-10T09:48:46 IST" duration-ms="2" status="PASS">
          <reporter-output>
          </reporter-output>
        </test-method> <!-- verifySearchbar -->
      </class> <!-- testNG.test.HomeTest -->
    </test> <!-- Test -->
  </suite> <!-- Suite -->
</testng-results>
