<?xml version="1.0" encoding="UTF-8"?>
<!-- Generated by org.testng.reporters.JUnitXMLReporter -->
<testsuite ignored="0" hostname="LAPTOP-8FDBD6IT" failures="0" tests="3" name="Test2" time="0.022" errors="0" timestamp="2023-01-10T10:46:12 IST">
  <testcase classname="demoTestNG.test2.PaymentsTest" name="creditCardPayment" time="0.002"/>
  <testcase classname="demoTestNG.test2.PaymentsTest" name="netBanking" time="0.001"/>
  <testcase classname="demoTestNG.test2.PaymentsTest" name="upiPayment" time="0.001"/>
</testsuite> <!-- Test2 -->
