<?xml version="1.0" encoding="UTF-8"?>
<!-- Generated by org.testng.reporters.JUnitXMLReporter -->
<testsuite ignored="0" hostname="LAPTOP-8FDBD6IT" failures="0" tests="3" name="Test" time="0.053" errors="0" timestamp="2023-01-10T09:48:46 IST">
  <testcase classname="testNG.test.HomeTest" name="addToCart" time="0.007"/>
  <testcase classname="testNG.test.HomeTest" name="login" time="0.002"/>
  <testcase classname="testNG.test.HomeTest" name="verifySearchbar" time="0.002"/>
</testsuite> <!-- Test -->
