<?xml version="1.0" encoding="UTF-8"?>
<testng-results ignored="0" total="2" passed="2" failed="0" skipped="0">
  <reporter-output>
  </reporter-output>
  <suite started-at="2023-01-12T11:13:28 IST" name="Suite" finished-at="2023-01-12T11:13:28 IST" duration-ms="41">
    <groups>
      <group name="sanity">
        <method signature="HomePageTest.HomeTest()[pri:0, instance:demoTestNG.test.HomePageTest@1725dc0f]" name="HomeTest" class="demoTestNG.test.HomePageTest"/>
      </group> <!-- sanity -->
    </groups>
    <test started-at="2023-01-12T11:13:28 IST" name="Parallel Tests" finished-at="2023-01-12T11:13:28 IST" duration-ms="41">
      <class name="demoTestNG.test.HomePageTest">
        <test-method signature="HomeTest()[pri:0, instance:demoTestNG.test.HomePageTest@1725dc0f]" started-at="2023-01-12T11:13:28 IST" name="HomeTest" finished-at="2023-01-12T11:13:28 IST" duration-ms="9" status="PASS">
          <reporter-output>
          </reporter-output>
        </test-method> <!-- HomeTest -->
        <test-method signature="cartTest()[pri:0, instance:demoTestNG.test.HomePageTest@1725dc0f]" started-at="2023-01-12T11:13:28 IST" name="cartTest" finished-at="2023-01-12T11:13:28 IST" duration-ms="9" status="PASS">
          <reporter-output>
          </reporter-output>
        </test-method> <!-- cartTest -->
      </class> <!-- demoTestNG.test.HomePageTest -->
    </test> <!-- Parallel Tests -->
  </suite> <!-- Suite -->
</testng-results>
